<?xml version="1.0" encoding="UTF-8"?>
<!-- Generated by org.testng.reporters.JUnitReportReporter -->
<testsuite hostname="BDC7-D-1SQ5N62" name="com.test.NewTest1" tests="1" failures="0" timestamp="12 Aug 2019 04:19:14 GMT" time="0.023" errors="0">
  <testcase name="testGoogle" time="0.023" classname="com.test.NewTest1"/>
</testsuite> <!-- com.test.NewTest1 -->
